[debug] [2022-02-04T21:54:42.778Z] ----------------------------------------------------------------------
[debug] [2022-02-04T21:54:42.780Z] Command:       C:\Program Files\nodejs\node.exe C:\Users\Premodial\AppData\Roaming\npm\node_modules\firebase-tools\lib\bin\firebase.js init hosting:github
[debug] [2022-02-04T21:54:42.780Z] CLI Version:   10.1.4
[debug] [2022-02-04T21:54:42.780Z] Platform:      win32
[debug] [2022-02-04T21:54:42.781Z] Node Version:  v16.13.2
[debug] [2022-02-04T21:54:42.781Z] Time:          Fri Feb 04 2022 23:54:42 GMT+0200 (South Africa Standard Time)
[debug] [2022-02-04T21:54:42.782Z] ----------------------------------------------------------------------
[debug] 
[debug] [2022-02-04T21:54:42.840Z] > command requires scopes: ["email","openid","https://www.googleapis.com/auth/cloudplatformprojects.readonly","https://www.googleapis.com/auth/firebase","https://www.googleapis.com/auth/cloud-platform"]
[debug] [2022-02-04T21:54:42.841Z] > authorizing via signed-in user (premodiallh@gmail.com)
[info] 
     ######## #### ########  ######## ########     ###     ######  ########
     ##        ##  ##     ## ##       ##     ##  ##   ##  ##       ##
     ######    ##  ########  ######   ########  #########  ######  ######
     ##        ##  ##    ##  ##       ##     ## ##     ##       ## ##
     ##       #### ##     ## ######## ########  ##     ##  ######  ########

You're about to initialize a Firebase project in this directory:

  C:\Users\Premodial\Documents\practice\test\test-app

Before we get started, keep in mind:

  * You are initializing within an existing Firebase project directory

[info] 
=== Project Setup
[info] 
[info] First, let's associate this project directory with a Firebase project.
[info] You can create multiple project aliases by running firebase use --add, 
[info] but for now we'll just set up a default project.
[info] 
[debug] [2022-02-04T21:54:52.893Z] Using project from CLI flag: test-311ab
[debug] [2022-02-04T21:54:52.894Z] > refreshing access token with scopes: []
[debug] [2022-02-04T21:54:52.895Z] >>> HTTP REQUEST POST https://www.googleapis.com/oauth2/v3/token  
 <request body omitted>
[debug] [2022-02-04T21:54:53.353Z] <<< HTTP RESPONSE 200 {"cache-control":"no-cache, no-store, max-age=0, must-revalidate","date":"Fri, 04 Feb 2022 21:54:53 GMT","pragma":"no-cache","expires":"Mon, 01 Jan 1990 00:00:00 GMT","content-type":"application/json; charset=utf-8","vary":"X-Origin, Referer, Origin,Accept-Encoding","server":"scaffolding on HTTPServer2","x-xss-protection":"0","x-frame-options":"SAMEORIGIN","x-content-type-options":"nosniff","alt-svc":"h3=\":443\"; ma=2592000,h3-29=\":443\"; ma=2592000,h3-Q050=\":443\"; ma=2592000,h3-Q046=\":443\"; ma=2592000,h3-Q043=\":443\"; ma=2592000,quic=\":443\"; ma=2592000; v=\"46,43\"","accept-ranges":"none","transfer-encoding":"chunked"}
[debug] [2022-02-04T21:54:53.367Z] >>> [apiv2][query] GET https://firebase.googleapis.com/v1beta1/projects/test-311ab [none]
[debug] [2022-02-04T21:54:54.139Z] <<< [apiv2][status] GET https://firebase.googleapis.com/v1beta1/projects/test-311ab 200
[debug] [2022-02-04T21:54:54.139Z] <<< [apiv2][body] GET https://firebase.googleapis.com/v1beta1/projects/test-311ab {"projectId":"test-311ab","projectNumber":"373727408896","displayName":"test","name":"projects/test-311ab","resources":{"hostingSite":"test-311ab","realtimeDatabaseInstance":"test-311ab-default-rtdb"},"state":"ACTIVE"}
[info] i  Using project test-311ab (test) 
[info] 
=== Hosting:github Setup
[info] 
[info] i  Detected a .git folder at C:\Users\Premodial\Documents\practice\test\test-app 
[info] i  Authorizing with GitHub to upload your service account to a GitHub repository's secrets store. 
[info] 
[info] Visit this URL on this device to log in:
[info] https://github.com/login/oauth/authorize?client_id=89cf50f02ac6aaed3484&state=1019081204&redirect_uri=http%3A%2F%2Flocalhost%3A9005&scope=read%3Auser%20repo%20public_repo
[info] 
[info] Waiting for authentication...
[debug] [2022-02-04T21:54:55.199Z] >>> HTTP REQUEST POST https://github.com/login/oauth/access_token  
 {"client_id":"89cf50f02ac6aaed3484","client_secret":"3330d14abc895d9a74d5f17cd7a00711fa2c5bf0","code":"86a386dae979ff3a55bc","redirect_uri":"http://localhost:9005","state":"1019081204"}
[debug] [2022-02-04T21:54:57.669Z] <<< HTTP RESPONSE 200 {"server":"GitHub.com","date":"Fri, 04 Feb 2022 21:54:57 GMT","content-type":"application/json; charset=utf-8","transfer-encoding":"chunked","vary":"X-PJAX, X-PJAX-Container, Accept-Encoding, Accept, X-Requested-With","permissions-policy":"interest-cohort=()","etag":"W/\"9d4bfc19f88b1333006af99fbe7db12f\"","cache-control":"max-age=0, private, must-revalidate","strict-transport-security":"max-age=31536000; includeSubdomains; preload","x-frame-options":"deny","x-content-type-options":"nosniff","x-xss-protection":"0","referrer-policy":"origin-when-cross-origin, strict-origin-when-cross-origin","expect-ct":"max-age=2592000, report-uri=\"https://api.github.com/_private/browser/errors\"","content-security-policy":"default-src 'none'; base-uri 'self'; block-all-mixed-content; child-src github.com/assets-cdn/worker/ gist.github.com/assets-cdn/worker/; connect-src 'self' uploads.github.com objects-origin.githubusercontent.com www.githubstatus.com collector.githubapp.com collector.github.com api.github.com github-cloud.s3.amazonaws.com github-production-repository-file-5c1aeb.s3.amazonaws.com github-production-upload-manifest-file-7fdce7.s3.amazonaws.com github-production-user-asset-6210df.s3.amazonaws.com cdn.optimizely.com logx.optimizely.com/v1/events translator.github.com wss://alive.github.com; font-src github.githubassets.com; form-action 'self' github.com gist.github.com objects-origin.githubusercontent.com; frame-ancestors 'none'; frame-src render.githubusercontent.com viewscreen.githubusercontent.com notebooks.githubusercontent.com; img-src 'self' data: github.githubassets.com identicons.github.com collector.githubapp.com collector.github.com github-cloud.s3.amazonaws.com secured-user-images.githubusercontent.com/ *.githubusercontent.com; manifest-src 'self'; media-src github.com user-images.githubusercontent.com/; script-src github.githubassets.com; style-src 'unsafe-inline' github.githubassets.com; worker-src github.com/assets-cdn/worker/ gist.github.com/assets-cdn/worker/","x-github-request-id":"803C:BB83:5D232F:61961D:61FDA0B0"}
[debug] [2022-02-04T21:54:57.673Z] >>> [apiv2][query] GET https://api.github.com/user [none]
[debug] [2022-02-04T21:54:59.305Z] <<< [apiv2][status] GET https://api.github.com/user 200
[debug] [2022-02-04T21:54:59.306Z] <<< [apiv2][body] GET https://api.github.com/user {"login":"Premodial","id":45264179,"node_id":"MDQ6VXNlcjQ1MjY0MTc5","avatar_url":"https://avatars.githubusercontent.com/u/45264179?v=4","gravatar_id":"","url":"https://api.github.com/users/Premodial","html_url":"https://github.com/Premodial","followers_url":"https://api.github.com/users/Premodial/followers","following_url":"https://api.github.com/users/Premodial/following{/other_user}","gists_url":"https://api.github.com/users/Premodial/gists{/gist_id}","starred_url":"https://api.github.com/users/Premodial/starred{/owner}{/repo}","subscriptions_url":"https://api.github.com/users/Premodial/subscriptions","organizations_url":"https://api.github.com/users/Premodial/orgs","repos_url":"https://api.github.com/users/Premodial/repos","events_url":"https://api.github.com/users/Premodial/events{/privacy}","received_events_url":"https://api.github.com/users/Premodial/received_events","type":"User","site_admin":false,"name":"Premodial","company":null,"blog":"","location":null,"email":null,"hireable":true,"bio":null,"twitter_username":null,"public_repos":8,"public_gists":0,"followers":1,"following":0,"created_at":"2018-11-22T13:31:38Z","updated_at":"2022-02-04T18:28:42Z","private_gists":0,"total_private_repos":12,"owned_private_repos":11,"disk_usage":217869,"collaborators":5,"two_factor_authentication":false,"plan":{"name":"free","space":976562499,"collaborators":0,"private_repos":10000}}
[info] 
[info] +  Success! Logged into GitHub as Premodial 
[info] 
